<?xml version="1.0" encoding="UTF-8"?>
<!-- Generated by org.testng.reporters.JUnitXMLReporter -->
<testsuite hostname="ASI-1" ignored="1" name="Test" tests="2" failures="0" timestamp="08 Apr 2018 14:59:36 GMT" time="0.032" errors="0">
  <testcase name="Account" time="0.011" classname="com.Login.test1"/>
  <testcase name="Logout" time="0.001" classname="com.Login.test2"/>
  <testcase name="Login" time="0.0" classname="com.Login.test1">
    <ignored/>
  </testcase> <!-- Login -->
</testsuite> <!-- Test -->
