<?xml version="1.0" encoding="UTF-8"?>
<testng-results skipped="0" failed="0" ignored="1" total="3" passed="2">
  <reporter-output>
  </reporter-output>
  <suite name="Suite" duration-ms="32" started-at="2018-04-08T14:59:36Z" finished-at="2018-04-08T14:59:36Z">
    <groups>
    </groups>
    <test name="Test" duration-ms="32" started-at="2018-04-08T14:59:36Z" finished-at="2018-04-08T14:59:36Z">
      <class name="com.Login.test1">
        <test-method status="PASS" signature="Account()[pri:2, instance:com.Login.test1@5dfcfece]" name="Account" duration-ms="11" started-at="2018-04-08T09:59:36Z" finished-at="2018-04-08T09:59:36Z">
          <reporter-output>
          </reporter-output>
        </test-method> <!-- Account -->
      </class> <!-- com.Login.test1 -->
      <class name="com.Login.test2">
        <test-method status="PASS" signature="Logout()[pri:3, instance:com.Login.test2@56f4468b]" name="Logout" duration-ms="1" started-at="2018-04-08T09:59:36Z" finished-at="2018-04-08T09:59:36Z">
          <reporter-output>
          </reporter-output>
        </test-method> <!-- Logout -->
      </class> <!-- com.Login.test2 -->
    </test> <!-- Test -->
  </suite> <!-- Suite -->
</testng-results>
